<?xml version="1.0" encoding="UTF-8"?>
<!-- Generated by org.testng.reporters.JUnitReportReporter -->
<testsuite hostname="DESKTOP-UC9CJ38" failures="0" tests="1" name="seleniumpractices.DataDrivenTestingByUsingExcel" time="6.632" errors="0" timestamp="2024-09-27T07:44:01 IST" skipped="0">
  <testcase classname="seleniumpractices.DataDrivenTestingByUsingExcel" name="createUser" time="6.632"/>
  <system-out/>
</testsuite> <!-- seleniumpractices.DataDrivenTestingByUsingExcel -->
