<?xml version="1.0" encoding="UTF-8"?>
<!-- Generated by org.testng.reporters.JUnitReportReporter -->
<testsuite hostname="DESKTOP-UC9CJ38" failures="0" tests="2" name="seleniumpractices.TestNgAnnotations" time="0.008" errors="0" timestamp="2024-09-23T08:35:02 IST" skipped="0">
  <testcase classname="seleniumpractices.TestNgAnnotations" name="testCase" time="0.004"/>
  <system-out/>
  <testcase classname="seleniumpractices.TestNgAnnotations" name="testCase1" time="0.004"/>
  <system-out/>
</testsuite> <!-- seleniumpractices.TestNgAnnotations -->
