<?xml version="1.0" encoding="UTF-8"?>
<!-- Generated by org.testng.reporters.JUnitReportReporter -->
<testsuite hostname="DESKTOP-UC9CJ38" failures="0" tests="3" name="seleniumpractices.TestNgAnnotationExample" time="16.641" errors="0" timestamp="2024-09-23T08:35:02 IST" skipped="1">
  <testcase classname="seleniumpractices.TestNgAnnotationExample" name="test2" time="9.336"/>
  <system-out/>
  <testcase classname="seleniumpractices.TestNgAnnotationExample" name="test1" time="7.305"/>
  <system-out/>
  <testcase classname="seleniumpractices.TestNgAnnotationExample" name="test3">
    <skipped/>
  </testcase> <!-- test3 -->
  <system-out/>
</testsuite> <!-- seleniumpractices.TestNgAnnotationExample -->
