<?xml version="1.0" encoding="UTF-8"?>
<!-- Generated by org.testng.reporters.JUnitReportReporter -->
<testsuite hostname="DESKTOP-UC9CJ38" failures="0" tests="1" name="newtoursetestcases.VerifyFindFlightFunctinality" time="1.797" errors="0" timestamp="2024-09-30T08:31:52 IST" skipped="0">
  <testcase classname="newtoursetestcases.VerifyFindFlightFunctinality" name="verifyFindFlight" time="1.797"/>
  <system-out/>
</testsuite> <!-- newtoursetestcases.VerifyFindFlightFunctinality -->
