<?xml version="1.0" encoding="UTF-8"?>
<!-- Generated by org.testng.reporters.JUnitReportReporter -->
<testsuite hostname="DESKTOP-UC9CJ38" failures="0" tests="3" name="seleniumpractices.DataDrivenTesting" time="17.042" errors="0" timestamp="2024-09-26T08:20:19 IST" skipped="0">
  <testcase classname="seleniumpractices.DataDrivenTesting" name="verifyValidLogin" time="5.484"/>
  <system-out/>
  <testcase classname="seleniumpractices.DataDrivenTesting" name="verifyValidLogin" time="5.911"/>
  <system-out/>
  <testcase classname="seleniumpractices.DataDrivenTesting" name="verifyValidLogin" time="5.647"/>
  <system-out/>
</testsuite> <!-- seleniumpractices.DataDrivenTesting -->
