<?xml version="1.0" encoding="UTF-8"?>
<!-- Generated by org.testng.reporters.JUnitReportReporter -->
<testsuite hostname="DESKTOP-UC9CJ38" failures="0" tests="1" name="seleniumpractices.MyFirstTestNgTest" time="10.249" errors="0" timestamp="2024-09-23T08:35:02 IST" skipped="0">
  <testcase classname="seleniumpractices.MyFirstTestNgTest" name="verifyHomePageTitle" time="10.249"/>
  <system-out/>
</testsuite> <!-- seleniumpractices.MyFirstTestNgTest -->
