<?xml version="1.0" encoding="UTF-8"?>
<!-- Generated by org.testng.reporters.JUnitReportReporter -->
<testsuite hostname="DESKTOP-UC9CJ38" failures="0" tests="1" name="seleniumpractices.TestNgAnnotations2" time="0.002" errors="0" timestamp="2024-09-23T08:35:02 IST" skipped="0">
  <testcase classname="seleniumpractices.TestNgAnnotations2" name="test" time="0.002"/>
  <system-out/>
</testsuite> <!-- seleniumpractices.TestNgAnnotations2 -->
