<?xml version="1.0" encoding="UTF-8"?>
<!-- Generated by org.testng.reporters.JUnitReportReporter -->
<testsuite hostname="DESKTOP-UC9CJ38" failures="0" tests="1" name="newtoursetestcases.VerifyValidLogin" time="1.516" errors="0" timestamp="2024-09-27T08:54:43 IST" skipped="0">
  <testcase classname="newtoursetestcases.VerifyValidLogin" name="verifyValidLogin" time="1.516"/>
  <system-out/>
</testsuite> <!-- newtoursetestcases.VerifyValidLogin -->
